<?xml version="1.0" encoding="UTF-8"?>
<testsuite xmlns:xsi="http://www.w3.org/2001/XMLSchema-instance" xsi:noNamespaceSchemaLocation="https://maven.apache.org/surefire/maven-surefire-plugin/xsd/surefire-test-report.xsd" version="3.0.2" name="Dmitry.CelestialForge.CelestialForgeApplicationTests" time="6.773" tests="1" errors="0" skipped="0" failures="0">
  <properties>
[...]
</properties>
  <testcase name="contextLoads" classname="Dmitry.CelestialForge.CelestialForgeApplicationTests" time="0.344">
    <system-out><![CDATA[17:16:18.204 [main] INFO org.springframework.test.context.support.AnnotationConfigContextLoaderUtils -- Could not detect default configuration classes for test class [Dmitry.CelestialForge.CelestialForgeApplicationTests]: CelestialForgeApplicationTests does not declare any static, non-private, non-final, nested classes annotated with @Configuration.
17:16:18.311 [main] INFO org.springframework.boot.test.context.SpringBootTestContextBootstrapper -- Found @SpringBootConfiguration Dmitry.CelestialForge.CelestialForgeApplication for test class Dmitry.CelestialForge.CelestialForgeApplicationTests
17:16:18.469 [main] INFO org.springframework.boot.devtools.restart.RestartApplicationListener -- Restart disabled due to context in which it is running

  .   ____          _            __ _ _
 /\\ / ___'_ __ _ _(_)_ __  __ _ \ \ \ \
( ( )\___ | '_ | '_| | '_ \/ _` | \ \ \ \
 \\/  ___)| |_)| | | | | || (_| |  ) ) ) )
  '  |____| .__|_| |_|_| |_\__, | / / / /
 =========|_|==============|___/=/_/_/_/

 :: Spring Boot ::                (v3.4.0)

2024-11-30T17:16:18.711+03:00  INFO 16400 --- [CelestialForge] [           main] D.C.CelestialForgeApplicationTests       : Starting CelestialForgeApplicationTests using Java 23.0.1 with PID 16400 (started by Жанна in C:\Users\Жанна\Documents\!Прога\CelestialForge)
2024-11-30T17:16:18.712+03:00  INFO 16400 --- [CelestialForge] [           main] D.C.CelestialForgeApplicationTests       : No active profile set, falling back to 1 default profile: "default"
2024-11-30T17:16:19.654+03:00  INFO 16400 --- [CelestialForge] [           main] .s.d.r.c.RepositoryConfigurationDelegate : Bootstrapping Spring Data JPA repositories in DEFAULT mode.
2024-11-30T17:16:19.713+03:00  INFO 16400 --- [CelestialForge] [           main] .s.d.r.c.RepositoryConfigurationDelegate : Finished Spring Data repository scanning in 50 ms. Found 7 JPA repository interfaces.
2024-11-30T17:16:20.407+03:00  INFO 16400 --- [CelestialForge] [           main] o.hibernate.jpa.internal.util.LogHelper  : HHH000204: Processing PersistenceUnitInfo [name: default]
2024-11-30T17:16:20.481+03:00  INFO 16400 --- [CelestialForge] [           main] org.hibernate.Version                    : HHH000412: Hibernate ORM core version 6.6.2.Final
2024-11-30T17:16:20.516+03:00  INFO 16400 --- [CelestialForge] [           main] o.h.c.internal.RegionFactoryInitiator    : HHH000026: Second-level cache disabled
2024-11-30T17:16:20.793+03:00  INFO 16400 --- [CelestialForge] [           main] o.s.o.j.p.SpringPersistenceUnitInfo      : No LoadTimeWeaver setup: ignoring JPA class transformer
2024-11-30T17:16:20.818+03:00  INFO 16400 --- [CelestialForge] [           main] com.zaxxer.hikari.HikariDataSource       : HikariPool-1 - Starting...
2024-11-30T17:16:21.002+03:00  INFO 16400 --- [CelestialForge] [           main] com.zaxxer.hikari.pool.HikariPool        : HikariPool-1 - Added connection org.postgresql.jdbc.PgConnection@e5864c2
2024-11-30T17:16:21.003+03:00  INFO 16400 --- [CelestialForge] [           main] com.zaxxer.hikari.HikariDataSource       : HikariPool-1 - Start completed.
2024-11-30T17:16:21.064+03:00  WARN 16400 --- [CelestialForge] [           main] org.hibernate.orm.deprecation            : HHH90000025: PostgreSQLDialect does not need to be specified explicitly using 'hibernate.dialect' (remove the property setting and it will be selected by default)
2024-11-30T17:16:21.081+03:00  INFO 16400 --- [CelestialForge] [           main] org.hibernate.orm.connections.pooling    : HHH10001005: Database info:
	Database JDBC URL [Connecting through datasource 'HikariDataSource (HikariPool-1)']
	Database driver: undefined/unknown
	Database version: 16.1
	Autocommit mode: undefined/unknown
	Isolation level: undefined/unknown
	Minimum pool size: undefined/unknown
	Maximum pool size: undefined/unknown
2024-11-30T17:16:21.942+03:00  INFO 16400 --- [CelestialForge] [           main] o.h.e.t.j.p.i.JtaPlatformInitiator       : HHH000489: No JTA platform available (set 'hibernate.transaction.jta.platform' to enable JTA platform integration)
2024-11-30T17:16:22.117+03:00  INFO 16400 --- [CelestialForge] [           main] j.LocalContainerEntityManagerFactoryBean : Initialized JPA EntityManagerFactory for persistence unit 'default'
2024-11-30T17:16:22.704+03:00  WARN 16400 --- [CelestialForge] [           main] JpaBaseConfiguration$JpaWebConfiguration : spring.jpa.open-in-view is enabled by default. Therefore, database queries may be performed during view rendering. Explicitly configure spring.jpa.open-in-view to disable this warning
2024-11-30T17:16:22.917+03:00  WARN 16400 --- [CelestialForge] [           main] r$InitializeUserDetailsManagerConfigurer : Found 2 UserDetailsService beans, with names [customUserDetailsService, userDetailsService]. Global Authentication Manager will not use a UserDetailsService for username/password login. Consider publishing a single UserDetailsService bean.
2024-11-30T17:16:23.064+03:00  INFO 16400 --- [CelestialForge] [           main] .i.s.PathMatchingResourcePatternResolver : Skipping search for files matching pattern [**/*.class]: directory [C:\Users\Жанна\Documents\!Прога\CelestialForge\target\test-classes\Dmitry\CelestialForge\Entities] does not exist
2024-11-30T17:16:23.733+03:00  INFO 16400 --- [CelestialForge] [           main] o.s.b.a.e.web.EndpointLinksResolver      : Exposing 1 endpoint beneath base path '/actuator'
2024-11-30T17:16:24.035+03:00  WARN 16400 --- [CelestialForge] [           main] ion$DefaultTemplateResolverConfiguration : Cannot find template location: classpath:/templates/ (please add some templates, check your Thymeleaf configuration, or set spring.thymeleaf.check-template-location=false)
2024-11-30T17:16:24.383+03:00  INFO 16400 --- [CelestialForge] [           main] D.C.CelestialForgeApplicationTests       : Started CelestialForgeApplicationTests in 5.927 seconds (process running for 6.778)
]]></system-out>
    <system-err><![CDATA[Mockito is currently self-attaching to enable the inline-mock-maker. This will no longer work in future releases of the JDK. Please add Mockito as an agent to your build what is described in Mockito's documentation: https://javadoc.io/doc/org.mockito/mockito-core/latest/org/mockito/Mockito.html#0.3
WARNING: A Java agent has been loaded dynamically (C:\Users\Æàííà\.m2\repository\net\bytebuddy\byte-buddy-agent\1.15.10\byte-buddy-agent-1.15.10.jar)
WARNING: If a serviceability tool is in use, please run with -XX:+EnableDynamicAgentLoading to hide this warning
WARNING: If a serviceability tool is not in use, please run with -Djdk.instrument.traceUsage for more information
WARNING: Dynamic loading of agents will be disallowed by default in a future release
]]></system-err>
  </testcase>
</testsuite>